\BOOKMARK [0][-]{cover.0}{\376\377\134\001\227\142}{}% 1
\BOOKMARK [0][-]{chapter*.1}{\376\377\144\130\211\201}{}% 2
\BOOKMARK [0][-]{chapter*.2}{\376\377\000A\000B\000S\000T\000R\000A\000C\000T}{}% 3
\BOOKMARK [0][-]{chapter*.3}{\376\377\126\376\166\356\137\125}{}% 4
\BOOKMARK [0][-]{chapter*.4}{\376\377\210\150\150\074\166\356\137\125}{}% 5
\BOOKMARK [0][-]{toc.0}{\376\377\166\356\137\125}{}% 6
\BOOKMARK [0][-]{chapter.1}{\376\377\173\054\0001\172\340\000\040\176\352\213\272}{}% 7
\BOOKMARK [1][-]{section.1.1}{\376\377\0001\000.\0001\000\040\170\024\172\166\200\314\146\157\123\312\141\017\116\111}{chapter.1}% 8
\BOOKMARK [1][-]{section.1.2}{\376\377\0001\000.\0002\000\040\126\375\121\205\131\026\170\024\172\166\163\260\162\266}{chapter.1}% 9
\BOOKMARK [1][-]{section.1.3}{\376\377\0001\000.\0003\000\040\170\024\172\166\121\205\133\271}{chapter.1}% 10
\BOOKMARK [0][-]{chapter.2}{\376\377\173\054\0002\172\340\000\040\152\041\147\177\221\115\177\156\116\016\217\157\116\366\163\257\130\203\221\115\177\156}{}% 11
\BOOKMARK [1][-]{section.2.1}{\376\377\0002\000.\0001\000\040\152\041\147\177\221\115\177\156}{chapter.2}% 12
\BOOKMARK [1][-]{section.2.2}{\376\377\0002\000.\0002\000\040\217\157\116\366\221\115\177\156}{chapter.2}% 13
\BOOKMARK [2][-]{subsection.2.2.1}{\376\377\0002\000.\0002\000.\0001\000\040\143\007\116\344}{section.2.2}% 14
\BOOKMARK [3][-]{subsubsection.2.2.1.1}{\376\377\0002\000.\0002\000.\0001\000.\0001\000\040\177\026\213\321\143\007\116\344}{subsection.2.2.1}% 15
\BOOKMARK [0][-]{chapter.3}{\376\377\173\054\0003\172\340\000\040\131\047\213\272\145\207\144\260\121\231\142\200\135\347}{}% 16
\BOOKMARK [1][-]{section.3.1}{\376\377\0003\000.\0001\000\040\123\302\200\003\145\207\163\056\213\364\146\016}{chapter.3}% 17
\BOOKMARK [2][-]{subsection.3.1.1}{\376\377\0003\000.\0001\000.\0001\000\040\145\207\116\055\123\302\200\003\145\207\163\056\166\204\143\322\121\145\213\364\146\016}{section.3.1}% 18
\BOOKMARK [2][-]{subsection.3.1.2}{\376\377\0003\000.\0001\000.\0002\000\040\123\302\200\003\145\207\163\056\166\204\147\345\142\176\116\016\137\025\165\050}{section.3.1}% 19
\BOOKMARK [1][-]{section.3.2}{\376\377\0003\000.\0002\000\040\143\322\121\145\230\171\166\356\173\046\123\367}{chapter.3}% 20
\BOOKMARK [2][-]{subsection.3.2.1}{\376\377\0003\000.\0002\000.\0001\000\040\143\322\121\145\230\171\166\356\177\026\123\367}{section.3.2}% 21
\BOOKMARK [1][-]{section.3.3}{\376\377\0003\000.\0003\000\040\121\154\137\017\166\204\133\371\237\120\116\016\137\025\165\050}{chapter.3}% 22
\BOOKMARK [2][-]{subsection.3.3.1}{\376\377\0003\000.\0003\000.\0001\000\040\133\211\210\305\000m\000a\000t\000h\000t\000y\000p\000e}{section.3.3}% 23
\BOOKMARK [2][-]{subsection.3.3.2}{\376\377\0003\000.\0003\000.\0002\000\040\143\322\121\145\136\046\177\026\123\367\166\204\121\154\137\017\123\312\116\015\136\046\177\026\123\367\166\204\121\154\137\017}{section.3.3}% 24
\BOOKMARK [2][-]{subsection.3.3.3}{\376\377\0003\000.\0003\000.\0003\000\040\121\154\137\017\133\371\237\120}{section.3.3}% 25
\BOOKMARK [1][-]{section.3.4}{\376\377\0003\000.\0004\000\040\133\232\164\006\173\111\163\257\130\203}{chapter.3}% 26
\BOOKMARK [2][-]{subsection.3.4.1}{\376\377\0003\000.\0004\000.\0001\000\040\133\232\164\006\163\257\130\203}{section.3.4}% 27
\BOOKMARK [2][-]{subsection.3.4.2}{\376\377\0003\000.\0004\000.\0002\000\040\133\232\116\111\163\257\130\203}{section.3.4}% 28
\BOOKMARK [2][-]{subsection.3.4.3}{\376\377\0003\000.\0004\000.\0003\000\040\120\107\213\276\163\257\130\203}{section.3.4}% 29
\BOOKMARK [2][-]{subsection.3.4.4}{\376\377\0003\000.\0004\000.\0004\000\040\225\356\230\230\163\257\130\203}{section.3.4}% 30
\BOOKMARK [2][-]{subsection.3.4.5}{\376\377\0003\000.\0004\000.\0005\000\040\121\166\133\203\163\257\130\203}{section.3.4}% 31
\BOOKMARK [1][-]{section.3.5}{\376\377\0003\000.\0005\000\040\177\051\165\145\213\315\217\223\121\145}{chapter.3}% 32
\BOOKMARK [1][-]{section.3.6}{\376\377\0003\000.\0006\000\040\210\150\150\074\143\322\121\145}{chapter.3}% 33
\BOOKMARK [1][-]{section.3.7}{\376\377\0003\000.\0007\000\040\173\227\154\325\213\276\213\241}{chapter.3}% 34
\BOOKMARK [0][-]{chapter.4}{\376\377\173\054\0004\172\340\000\040\140\073\176\323\116\016\134\125\147\033}{}% 35
\BOOKMARK [1][-]{section.4.1}{\376\377\0004\000.\0001\000\040\140\073\176\323}{chapter.4}% 36
\BOOKMARK [2][-]{subsection.4.1.1}{\376\377\0004\000.\0001\000.\0001\000\040\140\073\176\323\0001}{section.4.1}% 37
\BOOKMARK [2][-]{subsection.4.1.2}{\376\377\0004\000.\0001\000.\0002\000\040\140\073\176\323\0002}{section.4.1}% 38
\BOOKMARK [2][-]{subsection.4.1.3}{\376\377\0004\000.\0001\000.\0003\000\040\140\073\176\323\0003}{section.4.1}% 39
\BOOKMARK [2][-]{subsection.4.1.4}{\376\377\0004\000.\0001\000.\0004\000\040\140\073\176\323\0004}{section.4.1}% 40
\BOOKMARK [1][-]{section.4.2}{\376\377\0004\000.\0002\000\040\134\125\147\033}{chapter.4}% 41
\BOOKMARK [0][-]{chapter*.14}{\376\377\201\364\214\042}{}% 42
\BOOKMARK [0][-]{chapter*.15}{\376\377\123\302\200\003\145\207\163\056}{}% 43
\BOOKMARK [0][-]{chapter*.16}{\376\377\145\073\213\373\170\125\130\353\133\146\117\115\147\037\225\364\123\326\137\227\166\204\142\020\147\234}{}% 44
\BOOKMARK [0][-]{appendix.A}{\376\377\226\104\137\125\000A\000\040\131\047\145\160\133\232\164\006\166\204\213\301\146\016}{}% 45
\BOOKMARK [1][-]{section.A.1}{\376\377\000A\000.\0001\000\040\117\057\122\252\122\051\133\236\232\214}{appendix.A}% 46
\BOOKMARK [1][-]{section.A.2}{\376\377\000A\000.\0002\000\040\232\330\145\257\122\006\136\003}{appendix.A}% 47
\BOOKMARK [2][-]{subsection.A.2.1}{\376\377\000A\000.\0002\000.\0001\000\040\232\330\145\257\122\006\136\003}{section.A.2}% 48
\BOOKMARK [0][-]{appendix.B}{\376\377\226\104\137\125\000B\000\040\116\055\137\303\147\201\226\120\133\232\164\006\166\204\213\301\146\016}{}% 49
\BOOKMARK [1][-]{section.B.1}{\376\377\000B\000.\0001\000\040\134\017\202\202}{appendix.B}% 50
